2023-12-16 11:58:55,356 - root - INFO - ********** Run starts. **********
2023-12-16 11:58:55,356 - root - INFO - configuration is Namespace(dataset_name='cola', auxiliary_dataset_name='cola', language_model_name='roberta-base', multitask_training=False, batch_size=16, num_epochs=10, learning_rate=1e-05, gpu=4, num_runs=5, device='cuda:4', save_model_dir='./save_models/cola/roberta-base_lr1e-05_run4')
2023-12-16 11:58:56,431 - root - INFO - model -> RobertaForSequenceClassification(
  (roberta): RobertaModel(
    (embeddings): RobertaEmbeddings(
      (word_embeddings): Embedding(50265, 768, padding_idx=1)
      (position_embeddings): Embedding(514, 768, padding_idx=1)
      (token_type_embeddings): Embedding(1, 768)
      (LayerNorm): LayerNorm((768,), eps=1e-05, elementwise_affine=True)
      (dropout): Dropout(p=0.1, inplace=False)
    )
    (encoder): RobertaEncoder(
      (layer): ModuleList(
        (0-11): 12 x RobertaLayer(
          (attention): RobertaAttention(
            (self): RobertaSelfAttention(
              (query): Linear(in_features=768, out_features=768, bias=True)
              (key): Linear(in_features=768, out_features=768, bias=True)
              (value): Linear(in_features=768, out_features=768, bias=True)
              (dropout): Dropout(p=0.1, inplace=False)
            )
            (output): RobertaSelfOutput(
              (dense): Linear(in_features=768, out_features=768, bias=True)
              (LayerNorm): LayerNorm((768,), eps=1e-05, elementwise_affine=True)
              (dropout): Dropout(p=0.1, inplace=False)
            )
          )
          (intermediate): RobertaIntermediate(
            (dense): Linear(in_features=768, out_features=3072, bias=True)
            (intermediate_act_fn): GELUActivation()
          )
          (output): RobertaOutput(
            (dense): Linear(in_features=3072, out_features=768, bias=True)
            (LayerNorm): LayerNorm((768,), eps=1e-05, elementwise_affine=True)
            (dropout): Dropout(p=0.1, inplace=False)
          )
        )
      )
    )
  )
  (classifier): RobertaClassificationHead(
    (dense): Linear(in_features=768, out_features=768, bias=True)
    (dropout): Dropout(p=0.1, inplace=False)
    (out_proj): Linear(in_features=768, out_features=2, bias=True)
  )
)
2023-12-16 11:58:56,477 - root - INFO - get final performance on dataset cola...
2023-12-16 11:59:13,267 - root - INFO - test performance: {'eval_loss': 0.5429, 'eval_matthews_correlation': 0.5783, 'eval_runtime': 16.7867, 'eval_samples_per_second': 62.133, 'eval_steps_per_second': 0.536}
2023-12-16 11:59:13,267 - root - INFO - run 4 cost 17.91 seconds.
2023-12-16 11:59:13,267 - root - INFO - test performance on run 0: {'eval_loss': 0.5008, 'eval_matthews_correlation': 0.5846, 'eval_runtime': 20.9313, 'eval_samples_per_second': 49.83, 'eval_steps_per_second': 0.43}
2023-12-16 11:59:13,267 - root - INFO - test performance on run 1: {'eval_loss': 0.5429, 'eval_matthews_correlation': 0.5783, 'eval_runtime': 5.9177, 'eval_samples_per_second': 176.25, 'eval_steps_per_second': 1.521}
2023-12-16 11:59:13,268 - root - INFO - test performance on run 2: {'eval_loss': 0.5429, 'eval_matthews_correlation': 0.5783, 'eval_runtime': 5.9031, 'eval_samples_per_second': 176.687, 'eval_steps_per_second': 1.525}
2023-12-16 11:59:13,268 - root - INFO - test performance on run 3: {'eval_loss': 0.5429, 'eval_matthews_correlation': 0.5783, 'eval_runtime': 16.6734, 'eval_samples_per_second': 62.555, 'eval_steps_per_second': 0.54}
2023-12-16 11:59:13,268 - root - INFO - test performance on run 4: {'eval_loss': 0.5429, 'eval_matthews_correlation': 0.5783, 'eval_runtime': 16.7867, 'eval_samples_per_second': 62.133, 'eval_steps_per_second': 0.536}
